c:\users\justin\documents\csc572\project\572-planet-collisions\lab3\src\debug\vc142.pdb
c:\users\justin\documents\csc572\project\572-planet-collisions\lab3\src\debug\vc142.idb
c:\users\justin\documents\csc572\project\572-planet-collisions\lab3\src\debug\glad.obj
c:\users\justin\documents\csc572\project\572-planet-collisions\lab3\src\debug\windowmanager.obj
c:\users\justin\documents\csc572\project\572-planet-collisions\lab3\src\debug\shape.obj
c:\users\justin\documents\csc572\project\572-planet-collisions\lab3\src\debug\program.obj
c:\users\justin\documents\csc572\project\572-planet-collisions\lab3\src\debug\matrixstack.obj
c:\users\justin\documents\csc572\project\572-planet-collisions\lab3\src\debug\glsl.obj
c:\users\justin\documents\csc572\project\572-planet-collisions\lab3\src\debug\main.obj
c:\users\justin\documents\csc572\project\572-planet-collisions\lab3\debug\lab terrain.pdb
c:\users\justin\documents\csc572\project\572-planet-collisions\lab3\src\debug\lab terrain.tlog\cl.command.1.tlog
c:\users\justin\documents\csc572\project\572-planet-collisions\lab3\src\debug\lab terrain.tlog\cl.read.1.tlog
c:\users\justin\documents\csc572\project\572-planet-collisions\lab3\src\debug\lab terrain.tlog\cl.write.1.tlog
c:\users\justin\documents\csc572\project\572-planet-collisions\lab3\src\debug\lab terrain.tlog\link-cvtres.read.1.tlog
c:\users\justin\documents\csc572\project\572-planet-collisions\lab3\src\debug\lab terrain.tlog\link-cvtres.write.1.tlog
c:\users\justin\documents\csc572\project\572-planet-collisions\lab3\src\debug\lab terrain.tlog\link-rc.read.1.tlog
c:\users\justin\documents\csc572\project\572-planet-collisions\lab3\src\debug\lab terrain.tlog\link-rc.write.1.tlog
c:\users\justin\documents\csc572\project\572-planet-collisions\lab3\src\debug\lab terrain.tlog\link.command.1.tlog
c:\users\justin\documents\csc572\project\572-planet-collisions\lab3\src\debug\lab terrain.tlog\link.read.1.tlog
c:\users\justin\documents\csc572\project\572-planet-collisions\lab3\src\debug\lab terrain.tlog\link.write.1.tlog
